<?xml version="1.0" encoding="UTF-8"?>
<!-- Generated by org.testng.reporters.JUnitXMLReporter -->
<testsuite ignored="1" hostname="Roohi" failures="0" tests="4" name="Grouping_testcases_Test" time="0.061" errors="0" timestamp="2024-05-07T15:34:14 EDT">
  <testcase classname="test_ng.Grouping_testcases" name="add" time="0.007"/>
  <testcase classname="test_ng.Grouping_testcases" name="add1" time="0.001"/>
  <testcase classname="test_ng.Grouping_testcases" name="add2" time="0.003"/>
  <testcase classname="test_ng.Grouping_testcases" name="add3" time="0.004"/>
  <testcase classname="test_ng.Grouping_testcases" name="add4" time="0.0">
    <ignored/>
  </testcase> <!-- add4 -->
</testsuite> <!-- Grouping_testcases_Test -->
