<?xml version="1.0" encoding="UTF-8"?>
<testng-results ignored="0" total="1" passed="1" failed="0" skipped="0">
  <reporter-output>
  </reporter-output>
  <suite started-at="2024-05-19T19:12:47 EDT" name="Default suite" finished-at="2024-05-19T19:13:21 EDT" duration-ms="33886">
    <groups>
    </groups>
    <test started-at="2024-05-19T19:12:47 EDT" name="Default test" finished-at="2024-05-19T19:13:21 EDT" duration-ms="33886">
      <class name="Testcases_pom.Testcase_3">
        <test-method is-config="true" signature="launch()[pri:0, instance:Testcases_pom.Testcase_3@48f278eb]" started-at="2024-05-19T19:12:47 EDT" name="launch" finished-at="2024-05-19T19:12:50 EDT" duration-ms="2680" status="PASS">
          <reporter-output>
          </reporter-output>
        </test-method> <!-- launch -->
        <test-method signature="Login_to_payment()[pri:0, instance:Testcases_pom.Testcase_3@48f278eb]" started-at="2024-05-19T19:12:50 EDT" name="Login_to_payment" finished-at="2024-05-19T19:13:21 EDT" duration-ms="31152" status="PASS">
          <reporter-output>
          </reporter-output>
        </test-method> <!-- Login_to_payment -->
        <test-method is-config="true" signature="quit()[pri:0, instance:Testcases_pom.Testcase_3@48f278eb]" started-at="2024-05-19T19:13:21 EDT" name="quit" finished-at="2024-05-19T19:13:21 EDT" duration-ms="0" status="PASS">
          <reporter-output>
          </reporter-output>
        </test-method> <!-- quit -->
      </class> <!-- Testcases_pom.Testcase_3 -->
    </test> <!-- Default test -->
  </suite> <!-- Default suite -->
</testng-results>
