<?xml version="1.0" encoding="UTF-8"?>
<!-- Generated by org.testng.reporters.JUnitXMLReporter -->
<testsuite ignored="0" hostname="Roohi" failures="0" tests="5" name="SMoke Test case" time="0.103" errors="0" timestamp="2024-05-01T22:17:08 EDT">
  <testcase classname="test_ng.Testcase1" name="add" time="0.014"/>
  <testcase classname="test_ng.TestCase5" name="method1" time="0.002"/>
  <testcase classname="test_ng.TestCase4" name="method1" time="0.002"/>
  <testcase classname="test_ng.TestCase3" name="method1" time="0.002"/>
  <testcase classname="test_ng.TestCase2" name="method1" time="0.001"/>
</testsuite> <!-- SMoke Test case -->
