<?xml version="1.0" encoding="UTF-8"?>
<!-- Generated by org.testng.reporters.JUnitXMLReporter -->
<testsuite ignored="0" hostname="Roohi" failures="0" tests="5" name="Smoke Test Cases" time="0.081" errors="0" timestamp="2024-05-01T22:38:58 EDT">
  <testcase classname="test_ng.Testcase1" name="add" time="0.013"/>
  <testcase classname="test_ng.TestCase2" name="method1" time="0.001"/>
  <testcase classname="test_ng.TestCase5" name="method1" time="0.0"/>
  <testcase classname="test_ng.TestCase4" name="method1" time="0.001"/>
  <testcase classname="test_ng.TestCase3" name="method1" time="0.003"/>
</testsuite> <!-- Smoke Test Cases -->
