<?xml version="1.0" encoding="UTF-8"?>
<testng-results ignored="0" total="1" passed="1" failed="0" skipped="0">
  <reporter-output>
  </reporter-output>
  <suite started-at="2024-05-19T15:41:38 EDT" name="Default suite" finished-at="2024-05-19T15:41:42 EDT" duration-ms="4726">
    <groups>
    </groups>
    <test started-at="2024-05-19T15:41:38 EDT" name="Default test" finished-at="2024-05-19T15:41:42 EDT" duration-ms="4726">
      <class name="selenium_program.Scrolldown_program">
        <test-method signature="Scrolldrown()[pri:0, instance:selenium_program.Scrolldown_program@f736069]" started-at="2024-05-19T15:41:38 EDT" name="Scrolldrown" finished-at="2024-05-19T15:41:42 EDT" duration-ms="4666" status="PASS">
          <reporter-output>
          </reporter-output>
        </test-method> <!-- Scrolldrown -->
      </class> <!-- selenium_program.Scrolldown_program -->
    </test> <!-- Default test -->
  </suite> <!-- Default suite -->
</testng-results>
